<?xml version="1.0" encoding="utf-8"?><testsuites name="pytest tests"><testsuite name="pytest" errors="0" failures="1" skipped="0" tests="1" time="0.112" timestamp="2026-09-11T22:30:29.838076+00:00" hostname="89c9461faa35"><testcase classname="test_api" name="test_health" time="0.005"><failure message="assert 200 == 201&#10; +  where 200 = &lt;Response [200]&gt;.status_code">def test_health():
        response = requests.get("http://api:8000/health")
&gt;       assert response.status_code == 201
E       assert 200 == 201
E        +  where 200 = &lt;Response [200]&gt;.status_code

test_api.py:5: AssertionError</failure></testcase></testsuite></testsuites>